_CudaDeviceProperties(name='NVIDIA H100 80GB HBM3', major=9, minor=0, total_memory=81089MB, multi_processor_count=132, uuid=7d93d577-7507-86a4-722f-07fdc4b6905e, L2_cache_size=50MB)
0 0

Applied default for experiment.goal: test
Applied default for experiment.device: cuda
Applied default for experiment.device_id: 0
Applied default for experiment.runs: 1
Applied default for experiment.seed: -1
Applied default for experiment.optimize_memory: False
Applied default for experiment.debug: False
Applied default for federation.join_ratio: 1.0
Applied default for federation.generate_images_frequency: 0
Applied default for model.num_classes: 10
Applied default for model.embedding_size: 768
Applied default for model.patch_size: 16
Applied default for training.momentum: 0.9
Applied default for training.learning_rate_schedule: False
Applied default for dataset.image_size: -1
Applied default for dataset.transform: False
Applied default for dataset.partition: pat
Applied default for dataset.dir_alpha: 0.1
Applied default for dataset.balance: False
Applied default for rewind.epochs: 0
Applied default for rewind.ratio: 0.0
Applied default for rewind.interval: 0
Applied default for rewind.strategy: none
Applied default for fedgfe.nodes_datasets: cifar10
Applied default for fedgfe.nodes_downstream_tasks: none
Applied default for fedgfe.nodes_pretext_tasks: 
Applied default for fedgfe.nodes_training_sequence: both
Applied default for fedgfe.cls_token_only: False
Applied default for fedgfe.limit_samples_number: 0
Applied default for feda2v.diffusion_type: sd
Applied default for feda2v.use_act_loss: False
Applied default for feda2v.use_text_loss: True
Applied default for feda2v.use_image_loss: False
Applied default for feda2v.audio_model_name: MIT/ast-finetuned-audioset-10-10-0.4593
Applied default for feda2v.image_model_name: google/vit-base-patch16-224-in21k
Applied default for feda2v.img_pipe_name: runwayml/stable-diffusion-v1-5
Applied default for feda2v.img_lcm_lora_id: latent-consistency/lcm-lora-sdv1-5
Applied default for feda2v.audio_pipe_name: cvssp/audioldm-l-full
Applied default for feda2v.steps: 1000
Applied default for feda2v.mode: train_nodata
Applied default for feda2v.ablation_type: only_t5
Applied default for feda2v.controllability_type: volume
Applied default for feda2v.target_img_path: data/img
Applied default for feda2v.img_out_path: exp/img
Applied default for feda2v.audio_out_path: exp/audio
Applied default for feda2v.class_to_activate: 8
Applied default for feda2v.single_class: False
Applied default for feda2v.checkpoint_name: best_model
Applied default for feda2v.project: sinestesia
Applied default for feda2v.entity: ctlab-team
Applied default for feda2v.wandb_mode: offline
Applied default for feda2v.global_model_train_from_generator: False
Applied default for feda2v.global_model_train_from_nodes_audio_embeddings: False
Applied default for feda2v.global_model_train_inputs: none
Applied default for feda2v.adapter_aggregation_method: none
Applied default for feda2v.text_losses_summed: False
Applied default for feda2v.compute_global_mean_from_class_means: False
Applied default for feda2v.save_generated_images_splits: ['test', 'val']
Applied default for feda2v.output_image_base_name: img
Applied default for feda2v.generation_split_for_metrics: ['test', 'val']
Applied default for feda2v.nodes_test_metrics_splits: ['val', 'test']
Applied default for feda2v.nodes_train_metrics_splits: ['train']
Applied default for feda2v.server_test_metrics_splits: ['val', 'test']
Applied default for feda2v.server_train_metrics_splits: ['train']
Applied default for feda2v.adapter_checkpoint_dir: checkpoints/adapters
Applied default for feda2v.adapter_checkpoint_base_name: adapter
Applied default for feda2v.adapter_save_checkpoint: False
Applied default for feda2v.adapter_load_checkpoint: False
Applied default for feda2v.adapter_checkpoint_frequency: 5
Applied default for feda2v.adapter_checkpoint_per_type: True
Applied default for feda2v.synthetic_samples_per_class: auto
Applied default for feda2v.reset_generator_on_class_change: True
Applied default for feda2v.shared_generator_in_only_mode: True
Applied default for nodes.0.dataset_split: all
Applied default for nodes.0.pretext_tasks: []
Applied default for nodes.0.task_type: classification
Applied default for nodes.0.balance_classes: False
Applied default for nodes.0.use_folds: False
Applied default for nodes.0.train_folds: [0, 1, 2, 3]
Applied default for nodes.0.test_folds: [4]
Applied default for nodes.0.node_split_seed: 42
Warning: Could not map class label 'dog' to numeric index
Warning: Could not map class label 'rooster' to numeric index
Warning: Could not map class label 'pig' to numeric index
Warning: Could not map class label 'cow' to numeric index
Warning: Could not map class label 'frog' to numeric index
Warning: Could not map class label 'cat' to numeric index
Warning: Could not map class label 'hen' to numeric index
Warning: Could not map class label 'insects' to numeric index
Warning: Could not map class label 'sheep' to numeric index
Warning: Could not map class label 'crow' to numeric index
Warning: Could not map class label 'rain' to numeric index
Warning: Could not map class label 'sea_waves' to numeric index
Warning: Could not map class label 'crackling_fire' to numeric index
Warning: Could not map class label 'crickets' to numeric index
Warning: Could not map class label 'chirping_birds' to numeric index
Warning: Could not map class label 'water_drops' to numeric index
Warning: Could not map class label 'wind' to numeric index
Warning: Could not map class label 'pouring_water' to numeric index
Warning: Could not map class label 'toilet_flush' to numeric index
Warning: Could not map class label 'thunderstorm' to numeric index
Warning: Could not map class label 'crying_baby' to numeric index
Warning: Could not map class label 'sneezing' to numeric index
Warning: Could not map class label 'clapping' to numeric index
Warning: Could not map class label 'breathing' to numeric index
Warning: Could not map class label 'coughing' to numeric index
Warning: Could not map class label 'footsteps' to numeric index
Warning: Could not map class label 'laughing' to numeric index
Warning: Could not map class label 'brushing_teeth' to numeric index
Warning: Could not map class label 'snoring' to numeric index
Warning: Could not map class label 'drinking_sipping' to numeric index
Warning: Could not map class label 'door_wood_knock' to numeric index
Warning: Could not map class label 'mouse_click' to numeric index
Warning: Could not map class label 'keyboard_typing' to numeric index
Warning: Could not map class label 'door_wood_creaks' to numeric index
Warning: Could not map class label 'can_opening' to numeric index
Warning: Could not map class label 'washing_machine' to numeric index
Warning: Could not map class label 'vacuum_cleaner' to numeric index
Warning: Could not map class label 'clock_alarm' to numeric index
Warning: Could not map class label 'clock_tick' to numeric index
Warning: Could not map class label 'glass_breaking' to numeric index
Warning: Could not map class label 'helicopter' to numeric index
Warning: Could not map class label 'chainsaw' to numeric index
Warning: Could not map class label 'siren' to numeric index
Warning: Could not map class label 'car_horn' to numeric index
Warning: Could not map class label 'engine' to numeric index
Warning: Could not map class label 'train' to numeric index
Warning: Could not map class label 'church_bells' to numeric index
Warning: Could not map class label 'airplane' to numeric index
Warning: Could not map class label 'fireworks' to numeric index
Warning: Could not map class label 'hand_saw' to numeric index
Node 0: Selected classes ['dog', 'rooster', 'pig', 'cow', 'frog', 'cat', 'hen', 'insects', 'sheep', 'crow', 'rain', 'sea_waves', 'crackling_fire', 'crickets', 'chirping_birds', 'water_drops', 'wind', 'pouring_water', 'toilet_flush', 'thunderstorm', 'crying_baby', 'sneezing', 'clapping', 'breathing', 'coughing', 'footsteps', 'laughing', 'brushing_teeth', 'snoring', 'drinking_sipping', 'door_wood_knock', 'mouse_click', 'keyboard_typing', 'door_wood_creaks', 'can_opening', 'washing_machine', 'vacuum_cleaner', 'clock_alarm', 'clock_tick', 'glass_breaking', 'helicopter', 'chainsaw', 'siren', 'car_horn', 'engine', 'train', 'church_bells', 'airplane', 'fireworks', 'hand_saw'] -> []
Set num_clients: 1
Successfully loaded configuration from: configs/a2v_generator_1n_50c.json
Using nodes_tasks from config file (already processed)
==================================================
Algorithm: FedA2V
Local batch size: 8
Local epochs: 100
Local learing rate: 0.001
Local learing rate schedule: False
Total number of clients: 1
Clients join in each round: 1.0
Clients randomly join: False
Client drop rate: 0.0
Client select regarding time: False
Running times: 1
Dataset: ESC50
Number of classes: 10
Backbone: a2v
Using device: cuda
Using DP: False
Auto break: False
Global rounds: 1
DLG attack: False
Total number of new clients: 0
Fine tuning epoches on new clients: 0
A2V G model sd

============= Running time: 0th =============
Creating server and clients ...
None
Enabling wandb to progect:  FedA2V
Finished creating server and clients.
2026-01-20 05:42:04,149 - utils.ballooning - INFO - Initialized GPUMemoryBalloon for GPU 0
2026-01-20 05:42:04,403 - utils.ballooning - INFO - GPU 0: Total memory: 81089 MB, Free before: 31033 MB, Target reserve: 0 MB
2026-01-20 05:42:04,403 - utils.ballooning - INFO - GPU 0: Successfully allocated 0 MB. Free memory: 31033 MB -> 31033 MB
2026-01-20 05:42:05,779 - flcore.trainmodel.downstreamsinestesiaadapters - INFO - Initializing AST model: MIT/ast-finetuned-audioset-10-10-0.4593
2026-01-20 05:42:06,394 - flcore.trainmodel.downstreamsinestesiaadapters - INFO - AST model initialized successfully
2026-01-20 05:42:08,603 - flcore.servers.serverA2V - INFO - Initializing vae generator on server (conditioned=None)
2026-01-20 05:42:40,476 - flcore.servers.serverA2V - INFO - Unconditioned VAE generator initialized
2026-01-20 05:42:40,478 - flcore.servers.serverA2V - INFO - Set unified prompt_generator in global_model for shared access
2026-01-20 05:42:40,478 - flcore.servers.serverA2V - INFO - Set generator_optimizer in global_model for shared access
Creating 0 Audio2Visual node from nodes_tasks configuration:, using dataset ESC50 and labels ['dog', 'rooster', 'pig', 'cow', 'frog', 'cat', 'hen', 'insects', 'sheep', 'crow', 'rain', 'sea_waves', 'crackling_fire', 'crickets', 'chirping_birds', 'water_drops', 'wind', 'pouring_water', 'toilet_flush', 'thunderstorm', 'crying_baby', 'sneezing', 'clapping', 'breathing', 'coughing', 'footsteps', 'laughing', 'brushing_teeth', 'snoring', 'drinking_sipping', 'door_wood_knock', 'mouse_click', 'keyboard_typing', 'door_wood_creaks', 'can_opening', 'washing_machine', 'vacuum_cleaner', 'clock_alarm', 'clock_tick', 'glass_breaking', 'helicopter', 'chainsaw', 'siren', 'car_horn', 'engine', 'train', 'church_bells', 'airplane', 'fireworks', 'hand_saw']
2026-01-20 05:42:40,510 - datautils.dataset_esc50 - INFO - Auto-creating train/val/test splits (split=None)
2026-01-20 05:42:40,510 - datautils.dataset_esc50 - INFO - Creating train split...
2026-01-20 05:42:40,643 - datautils.dataset_esc50 - INFO - ESC-50 Dataset initialized: 2000 samples, classes: 50, split: train
2026-01-20 05:42:40,644 - datautils.dataset_esc50 - INFO - Creating validation split...
2026-01-20 05:42:40,747 - datautils.dataset_esc50 - INFO - ESC-50 Dataset initialized: 0 samples, classes: 50, split: val
2026-01-20 05:42:40,747 - datautils.dataset_esc50 - INFO - Creating test split...
2026-01-20 05:42:40,929 - datautils.dataset_esc50 - INFO - ESC-50 Dataset initialized: 0 samples, classes: 50, split: test
2026-01-20 05:42:40,930 - datautils.dataset_esc50 - INFO - Auto-split created: train=2000, val=0, test=0
2026-01-20 05:42:41,003 - datautils.dataset_esc50 - INFO - ESC-50 Dataset initialized: 2000 samples, classes: 50, split: None
Stratified split: train=2000, val=0, test=0
Trying to set schdulers but no optimizer for client  0
2026-01-20 05:43:25,085 - flcore.clients.clientA2V - INFO - Node 0: Using global use_cls_token_only=False
2026-01-20 05:43:26,129 - flcore.trainmodel.downstreamsinestesiaadapters - INFO - ================================================================================
2026-01-20 05:43:26,129 - flcore.trainmodel.downstreamsinestesiaadapters - INFO - SKIPPING AST INITIALIZATION - Using pretrained generators mode or disabled by constructor
2026-01-20 05:43:26,129 - flcore.trainmodel.downstreamsinestesiaadapters - INFO - ================================================================================
Stratified split: train=2000, val=0, test=0
[Client 0] Initializing vae generator(s) with granularity=per_class
[Client 0] Using shared generator for class 'dog' from server
[Client 0] Using shared generator for class 'chirping_birds' from server
[Client 0] Using shared generator for class 'vacuum_cleaner' from server
[Client 0] Using shared generator for class 'thunderstorm' from server
[Client 0] Using shared generator for class 'door_wood_knock' from server
[Client 0] Using shared generator for class 'can_opening' from server
[Client 0] Using shared generator for class 'crow' from server
[Client 0] Using shared generator for class 'clapping' from server
[Client 0] Using shared generator for class 'fireworks' from server
[Client 0] Using shared generator for class 'chainsaw' from server
[Client 0] Using shared generator for class 'airplane' from server
[Client 0] Using shared generator for class 'mouse_click' from server
[Client 0] Using shared generator for class 'pouring_water' from server
[Client 0] Using shared generator for class 'train' from server
[Client 0] Using shared generator for class 'sheep' from server
[Client 0] Using shared generator for class 'water_drops' from server
[Client 0] Using shared generator for class 'church_bells' from server
[Client 0] Using shared generator for class 'clock_alarm' from server
[Client 0] Using shared generator for class 'keyboard_typing' from server
[Client 0] Using shared generator for class 'wind' from server
[Client 0] Using shared generator for class 'footsteps' from server
[Client 0] Using shared generator for class 'frog' from server
[Client 0] Using shared generator for class 'cow' from server
[Client 0] Using shared generator for class 'brushing_teeth' from server
[Client 0] Using shared generator for class 'car_horn' from server
[Client 0] Using shared generator for class 'crackling_fire' from server
[Client 0] Using shared generator for class 'helicopter' from server
[Client 0] Using shared generator for class 'drinking_sipping' from server
[Client 0] Using shared generator for class 'rain' from server
[Client 0] Using shared generator for class 'insects' from server
[Client 0] Using shared generator for class 'laughing' from server
[Client 0] Using shared generator for class 'hen' from server
[Client 0] Using shared generator for class 'engine' from server
[Client 0] Using shared generator for class 'breathing' from server
[Client 0] Using shared generator for class 'crying_baby' from server
[Client 0] Using shared generator for class 'hand_saw' from server
[Client 0] Using shared generator for class 'coughing' from server
[Client 0] Using shared generator for class 'glass_breaking' from server
[Client 0] Using shared generator for class 'snoring' from server
[Client 0] Using shared generator for class 'toilet_flush' from server
[Client 0] Using shared generator for class 'pig' from server
[Client 0] Using shared generator for class 'washing_machine' from server
[Client 0] Using shared generator for class 'clock_tick' from server
[Client 0] Using shared generator for class 'sneezing' from server
[Client 0] Using shared generator for class 'rooster' from server
[Client 0] Using shared generator for class 'sea_waves' from server
[Client 0] Using shared generator for class 'siren' from server
[Client 0] Using shared generator for class 'cat' from server
[Client 0] Using shared generator for class 'door_wood_creaks' from server
[Client 0] Using shared generator for class 'crickets' from server
[Client 0] Auto-calculated synthetic_samples_per_class = 40 (total samples: 2000, classes: 50)
Created server val dataset with 0 samples from 1 nodes
Created server test dataset with 0 samples from 1 nodes
2026-01-20 05:43:28,424 - flcore.servers.serverA2V - INFO - [Server] Auto-calculating synthetic_samples_per_class for each node and class
2026-01-20 05:43:28,424 - flcore.servers.serverA2V - INFO - [Server] Node 0: 40 synthetic samples/class (total samples: 2000, classes: 50)
2026-01-20 05:43:28,424 - flcore.servers.serverA2V - INFO - [Server] Average synthetic_samples_per_class = 40

*** Client 0 dataset ESC50
Creating dataloader for train dataset for client 0 with 2000 samples
Dataset 0 stats: []
2026-01-20 05:44:13,002 - flcore.servers.serverA2V - INFO - Finished creating Audio2Visual server and clients.

================================================================================
GENERATOR TRAINING MODE ENABLED
Adapter distribution and aggregation will be DISABLED
Model evaluation (train/test metrics) will be DISABLED
================================================================================

2026-01-20 05:44:13,680 - flcore.servers.serverA2V - WARNING - === Round 1 starting hook temporally disabled ===
[Generator Training Mode] Skipping adapter distribution

============================================================
[Client 0] GENERATOR-ONLY MODE
============================================================
Skipping adapter training, will only train generator(s)
Granularity: per_class
Creating dataloader for train dataset for client 0 with 2000 samples

[Client 0] Starting generator training mode (granularity=per_class)
[Client 0] Collecting audio only (unconditioned VAE) embeddings from training data...
[Client 0] Processing batches to extract audio only (unconditioned VAE) embeddings...
  Processed 10 batches...
  Processed 20 batches...
  Processed 30 batches...
  Processed 40 batches...
  Processed 50 batches...
  Processed 60 batches...
  Processed 70 batches...
  Processed 80 batches...
  Processed 90 batches...
  Processed 100 batches...
  Processed 110 batches...
  Processed 120 batches...
  Processed 130 batches...
  Processed 140 batches...
  Processed 150 batches...
  Processed 160 batches...
  Processed 170 batches...
  Processed 180 batches...
  Processed 190 batches...
  Processed 200 batches...
  Processed 210 batches...
  Processed 220 batches...
  Processed 230 batches...
  Processed 240 batches...
  Processed 250 batches...
[Client 0] ✓ Collected 2000 samples (audio only) across 50 classes
  Class 'train': 40 samples (audio embeddings)
  Class 'engine': 40 samples (audio embeddings)
  Class 'sneezing': 40 samples (audio embeddings)
  Class 'coughing': 40 samples (audio embeddings)
  Class 'helicopter': 40 samples (audio embeddings)
  Class 'fireworks': 40 samples (audio embeddings)
  Class 'mouse_click': 40 samples (audio embeddings)
  Class 'rooster': 40 samples (audio embeddings)
  Class 'drinking_sipping': 40 samples (audio embeddings)
  Class 'chirping_birds': 40 samples (audio embeddings)
  Class 'sheep': 40 samples (audio embeddings)
  Class 'brushing_teeth': 40 samples (audio embeddings)
  Class 'toilet_flush': 40 samples (audio embeddings)
  Class 'pouring_water': 40 samples (audio embeddings)
  Class 'wind': 40 samples (audio embeddings)
  Class 'crow': 40 samples (audio embeddings)
  Class 'frog': 40 samples (audio embeddings)
  Class 'clock_alarm': 40 samples (audio embeddings)
  Class 'vacuum_cleaner': 40 samples (audio embeddings)
  Class 'breathing': 40 samples (audio embeddings)
  Class 'sea_waves': 40 samples (audio embeddings)
  Class 'glass_breaking': 40 samples (audio embeddings)
  Class 'can_opening': 40 samples (audio embeddings)
  Class 'cat': 40 samples (audio embeddings)
  Class 'water_drops': 40 samples (audio embeddings)
  Class 'thunderstorm': 40 samples (audio embeddings)
  Class 'cow': 40 samples (audio embeddings)
  Class 'keyboard_typing': 40 samples (audio embeddings)
  Class 'clock_tick': 40 samples (audio embeddings)
  Class 'laughing': 40 samples (audio embeddings)
  Class 'insects': 40 samples (audio embeddings)
  Class 'chainsaw': 40 samples (audio embeddings)
  Class 'airplane': 40 samples (audio embeddings)
  Class 'car_horn': 40 samples (audio embeddings)
  Class 'hen': 40 samples (audio embeddings)
  Class 'crying_baby': 40 samples (audio embeddings)
  Class 'church_bells': 40 samples (audio embeddings)
  Class 'siren': 40 samples (audio embeddings)
  Class 'dog': 40 samples (audio embeddings)
  Class 'clapping': 40 samples (audio embeddings)
  Class 'rain': 40 samples (audio embeddings)
  Class 'crickets': 40 samples (audio embeddings)
  Class 'footsteps': 40 samples (audio embeddings)
  Class 'washing_machine': 40 samples (audio embeddings)
  Class 'pig': 40 samples (audio embeddings)
  Class 'door_wood_knock': 40 samples (audio embeddings)
  Class 'door_wood_creaks': 40 samples (audio embeddings)
  Class 'hand_saw': 40 samples (audio embeddings)
  Class 'snoring': 40 samples (audio embeddings)
  Class 'crackling_fire': 40 samples (audio embeddings)
[Client 0]   Class 'train': 40 samples
[Client 0]   Class 'engine': 40 samples
[Client 0]   Class 'sneezing': 40 samples
[Client 0]   Class 'coughing': 40 samples
[Client 0]   Class 'helicopter': 40 samples
[Client 0]   Class 'fireworks': 40 samples
[Client 0]   Class 'mouse_click': 40 samples
[Client 0]   Class 'rooster': 40 samples
[Client 0]   Class 'drinking_sipping': 40 samples
[Client 0]   Class 'chirping_birds': 40 samples
[Client 0]   Class 'sheep': 40 samples
[Client 0]   Class 'brushing_teeth': 40 samples
[Client 0]   Class 'toilet_flush': 40 samples
[Client 0]   Class 'pouring_water': 40 samples
[Client 0]   Class 'wind': 40 samples
[Client 0]   Class 'crow': 40 samples
[Client 0]   Class 'frog': 40 samples
[Client 0]   Class 'clock_alarm': 40 samples
[Client 0]   Class 'vacuum_cleaner': 40 samples
[Client 0]   Class 'breathing': 40 samples
[Client 0]   Class 'sea_waves': 40 samples
[Client 0]   Class 'glass_breaking': 40 samples
[Client 0]   Class 'can_opening': 40 samples
[Client 0]   Class 'cat': 40 samples
[Client 0]   Class 'water_drops': 40 samples
[Client 0]   Class 'thunderstorm': 40 samples
[Client 0]   Class 'cow': 40 samples
[Client 0]   Class 'keyboard_typing': 40 samples
[Client 0]   Class 'clock_tick': 40 samples
[Client 0]   Class 'laughing': 40 samples
[Client 0]   Class 'insects': 40 samples
[Client 0]   Class 'chainsaw': 40 samples
[Client 0]   Class 'airplane': 40 samples
[Client 0]   Class 'car_horn': 40 samples
[Client 0]   Class 'hen': 40 samples
[Client 0]   Class 'crying_baby': 40 samples
[Client 0]   Class 'church_bells': 40 samples
[Client 0]   Class 'siren': 40 samples
[Client 0]   Class 'dog': 40 samples
[Client 0]   Class 'clapping': 40 samples
[Client 0]   Class 'rain': 40 samples
[Client 0]   Class 'crickets': 40 samples
[Client 0]   Class 'footsteps': 40 samples
[Client 0]   Class 'washing_machine': 40 samples
[Client 0]   Class 'pig': 40 samples
[Client 0]   Class 'door_wood_knock': 40 samples
[Client 0]   Class 'door_wood_creaks': 40 samples
[Client 0]   Class 'hand_saw': 40 samples
[Client 0]   Class 'snoring': 40 samples
[Client 0]   Class 'crackling_fire': 40 samples
[Client 0] Prepared 50 class(es) with 2000 total samples
[Client 0] Training PER-CLASS generators (one per class)

================================================================================
[Client 0] BEFORE per-class training loop GPU Memory Status [cuda:0]:
  Allocated:       3.37 GB  (memoria effettivamente in uso)
  Reserved:        4.80 GB  (memoria riservata da PyTorch)
  Max Allocated:   4.33 GB  (picco di allocazione)
  Free:           74.39 GB  (memoria disponibile)
  Total:          79.19 GB  (memoria totale GPU)
  Usage:           6.1%
================================================================================


====================================================================================================
[Client 0] 🔍 MEMORY LEAK DETECTION MODE - Training 50 classes
====================================================================================================
Class                Before (GB)               After (GB)                Δ from prev          Cumulative Δ        
-------------------- ------------------------- ------------------------- -------------------- --------------------
[Client 0] Resetting generator parameters (granularity=per_class, key=train)
[Client 0]   Reinitialized unconditioned VAE generator weights for 'train'
[Client 0]   Reset optimizer state for 'train'
[Client 0] ✓ Generator reset complete

  Training generator for class 'train':
[Client 0] Training generator 'class 'train'' (40 samples, 1 class(es))
[1;34mwandb[0m: 
[1;34mwandb[0m: 🚀 View run [33mautumn-lion-1296[0m at: [34mhttps://wandb.ai/ngslung/FedA2V/runs/jdwrz41k[0m
[1;34mwandb[0m: Find logs at: [1;35mwandb/run-20260120_054202-jdwrz41k/logs[0m

